d:\c++ amateur\btth4\btth4\debug\vc140.pdb
d:\c++ amateur\btth4\btth4\debug\vc140.idb
d:\c++ amateur\btth4\btth4\debug\b1.obj
d:\c++ amateur\btth4\btth4\debug\b2.obj
d:\c++ amateur\btth4\btth4\debug\b3.obj
d:\c++ amateur\btth4\btth4\debug\b4.obj
d:\c++ amateur\btth4\btth4\debug\b5.obj
d:\c++ amateur\btth4\btth4\debug\b6.obj
d:\c++ amateur\btth4\btth4\debug\b7.obj
d:\c++ amateur\btth4\btth4\debug\b8.obj
d:\c++ amateur\btth4\btth4\debug\b10.obj
d:\c++ amateur\btth4\btth4\debug\b9.obj
d:\c++ amateur\btth4\btth4\debug\b15.obj
d:\c++ amateur\btth4\btth4\debug\bb2.obj
d:\c++ amateur\btth4\btth4\debug\find.obj
d:\c++ amateur\btth4\btth4\debug\3h.obj
d:\c++ amateur\btth4\debug\btth4.ilk
d:\c++ amateur\btth4\debug\btth4.exe
d:\c++ amateur\btth4\debug\btth4.pdb
d:\c++ amateur\btth4\btth4\debug\btth4.tlog\cl.command.1.tlog
d:\c++ amateur\btth4\btth4\debug\btth4.tlog\cl.read.1.tlog
d:\c++ amateur\btth4\btth4\debug\btth4.tlog\cl.write.1.tlog
d:\c++ amateur\btth4\btth4\debug\btth4.tlog\link.command.1.tlog
d:\c++ amateur\btth4\btth4\debug\btth4.tlog\link.read.1.tlog
d:\c++ amateur\btth4\btth4\debug\btth4.tlog\link.write.1.tlog
